<?xml version="1.0" encoding="UTF-8"?>
<testsuite name="TestSuite" time="129.476" tests="6" errors="0" skipped="2" failures="1">
  <properties>
    <property name="java.runtime.name" value="OpenJDK Runtime Environment"/>
    <property name="sun.boot.library.path" value="/usr/lib/jvm/java-7-openjdk-amd64/jre/lib/amd64"/>
    <property name="java.vm.version" value="24.65-b04"/>
    <property name="java.vm.vendor" value="Oracle Corporation"/>
    <property name="java.vendor.url" value="http://java.oracle.com/"/>
    <property name="path.separator" value=":"/>
    <property name="guice.disable.misplaced.annotation.check" value="true"/>
    <property name="java.vm.name" value="OpenJDK 64-Bit Server VM"/>
    <property name="file.encoding.pkg" value="sun.io"/>
    <property name="user.country" value="IN"/>
    <property name="sun.java.launcher" value="SUN_STANDARD"/>
    <property name="sun.os.patch.level" value="unknown"/>
    <property name="java.vm.specification.name" value="Java Virtual Machine Specification"/>
    <property name="user.dir" value="/home/sumit/workspace/LookSmartAutomation"/>
    <property name="java.runtime.version" value="1.7.0_65-b32"/>
    <property name="java.awt.graphicsenv" value="sun.awt.X11GraphicsEnvironment"/>
    <property name="java.endorsed.dirs" value="/usr/lib/jvm/java-7-openjdk-amd64/jre/lib/endorsed"/>
    <property name="os.arch" value="amd64"/>
    <property name="java.io.tmpdir" value="/tmp"/>
    <property name="line.separator" value="&#10;"/>
    <property name="java.vm.specification.vendor" value="Oracle Corporation"/>
    <property name="os.name" value="Linux"/>
    <property name="classworlds.conf" value="/usr/share/maven/bin/m2.conf"/>
    <property name="sun.jnu.encoding" value="UTF-8"/>
    <property name="java.library.path" value="/usr/java/packages/lib/amd64:/usr/lib/x86_64-linux-gnu/jni:/lib/x86_64-linux-gnu:/usr/lib/x86_64-linux-gnu:/usr/lib/jni:/lib:/usr/lib"/>
    <property name="java.specification.name" value="Java Platform API Specification"/>
    <property name="java.class.version" value="51.0"/>
    <property name="sun.management.compiler" value="HotSpot 64-Bit Tiered Compilers"/>
    <property name="os.version" value="3.13.0-32-generic"/>
    <property name="user.home" value="/home/sumit"/>
    <property name="user.timezone" value="Asia/Kolkata"/>
    <property name="java.awt.printerjob" value="sun.print.PSPrinterJob"/>
    <property name="file.encoding" value="UTF-8"/>
    <property name="java.specification.version" value="1.7"/>
    <property name="user.name" value="sumit"/>
    <property name="java.class.path" value="/usr/share/maven/boot/plexus-classworlds-2.x.jar"/>
    <property name="java.vm.specification.version" value="1.7"/>
    <property name="sun.arch.data.model" value="64"/>
    <property name="java.home" value="/usr/lib/jvm/java-7-openjdk-amd64/jre"/>
    <property name="sun.java.command" value="org.codehaus.plexus.classworlds.launcher.Launcher install"/>
    <property name="java.specification.vendor" value="Oracle Corporation"/>
    <property name="user.language" value="en"/>
    <property name="awt.toolkit" value="sun.awt.X11.XToolkit"/>
    <property name="java.vm.info" value="mixed mode"/>
    <property name="java.version" value="1.7.0_65"/>
    <property name="java.ext.dirs" value="/usr/lib/jvm/java-7-openjdk-amd64/jre/lib/ext:/usr/java/packages/lib/ext"/>
    <property name="securerandom.source" value="file:/dev/./urandom"/>
    <property name="sun.boot.class.path" value="/usr/lib/jvm/java-7-openjdk-amd64/jre/lib/resources.jar:/usr/lib/jvm/java-7-openjdk-amd64/jre/lib/rt.jar:/usr/lib/jvm/java-7-openjdk-amd64/jre/lib/sunrsasign.jar:/usr/lib/jvm/java-7-openjdk-amd64/jre/lib/jsse.jar:/usr/lib/jvm/java-7-openjdk-amd64/jre/lib/jce.jar:/usr/lib/jvm/java-7-openjdk-amd64/jre/lib/charsets.jar:/usr/lib/jvm/java-7-openjdk-amd64/jre/lib/rhino.jar:/usr/lib/jvm/java-7-openjdk-amd64/jre/lib/jfr.jar:/usr/lib/jvm/java-7-openjdk-amd64/jre/classes"/>
    <property name="java.vendor" value="Oracle Corporation"/>
    <property name="maven.home" value="/usr/share/maven"/>
    <property name="file.separator" value="/"/>
    <property name="java.vendor.url.bug" value="http://bugreport.sun.com/bugreport/"/>
    <property name="sun.cpu.endian" value="little"/>
    <property name="sun.io.unicode.encoding" value="UnicodeLittle"/>
    <property name="sun.desktop" value="gnome"/>
    <property name="sun.cpu.isalist" value=""/>
  </properties>
  <testcase name="openUrl" classname="com.looksmart.testsuits.SignUpTestSuite" time="54.498">
    <failure message="Unable to bind to locking port 7054 within 45000 ms&#10;Build info: version: &apos;2.43.1&apos;, revision: &apos;5163bceef1bc36d43f3dc0b83c88998168a363a0&apos;, time: &apos;2014-09-10 09:43:55&apos;&#10;System info: host: &apos;sumit-ThinkPad-T410&apos;, ip: &apos;127.0.1.1&apos;, os.name: &apos;Linux&apos;, os.arch: &apos;amd64&apos;, os.version: &apos;3.13.0-32-generic&apos;, java.version: &apos;1.7.0_65&apos;&#10;Driver info: driver.version: FirefoxDriver" type="org.openqa.selenium.WebDriverException"><![CDATA[org.openqa.selenium.WebDriverException: Unable to bind to locking port 7054 within 45000 ms
Build info: version: '2.43.1', revision: '5163bceef1bc36d43f3dc0b83c88998168a363a0', time: '2014-09-10 09:43:55'
System info: host: 'sumit-ThinkPad-T410', ip: '127.0.1.1', os.name: 'Linux', os.arch: 'amd64', os.version: '3.13.0-32-generic', java.version: '1.7.0_65'
Driver info: driver.version: FirefoxDriver
	at org.openqa.selenium.internal.SocketLock.lock(SocketLock.java:98)
	at org.openqa.selenium.firefox.internal.NewProfileExtensionConnection.start(NewProfileExtensionConnection.java:84)
	at org.openqa.selenium.firefox.FirefoxDriver.startClient(FirefoxDriver.java:246)
	at org.openqa.selenium.remote.RemoteWebDriver.<init>(RemoteWebDriver.java:114)
	at org.openqa.selenium.firefox.FirefoxDriver.<init>(FirefoxDriver.java:191)
	at org.openqa.selenium.firefox.FirefoxDriver.<init>(FirefoxDriver.java:186)
	at org.openqa.selenium.firefox.FirefoxDriver.<init>(FirefoxDriver.java:182)
	at org.openqa.selenium.firefox.FirefoxDriver.<init>(FirefoxDriver.java:95)
	at com.looksmart.testsuits.SignUpTestSuite.openUrl(SignUpTestSuite.java:30)
]]></failure>
    <system-out><![CDATA[broweser is :firefoxScreendhot is:screenShoturl is:https://qa-ampwebui01.qa.looksmart.com:8760/security/login
broweser is :firefoxScreendhot is:screenShoturl is:https://qa-ampwebui01.qa.looksmart.com:8760/security/login
broweser is :firefoxScreendhot is:screenShoturl is:https://qa-ampwebui01.qa.looksmart.com:8760/security/login
broweser is :firefoxScreendhot is:screenShoturl is:https://qa-ampwebui01.qa.looksmart.com:8760/security/login
broweser is :firefoxScreendhot is:screenShoturl is:https://qa-ampwebui01.qa.looksmart.com:8760/security/login
broweser is :firefoxScreendhot is:screenShoturl is:https://qa-ampwebui01.qa.looksmart.com:8760/security/login
broweser is :firefoxScreendhot is:screenShoturl is:https://qa-ampwebui01.qa.looksmart.com:8760/security/login
broweser is :firefoxScreendhot is:screenShoturl is:https://qa-ampwebui01.qa.looksmart.com:8760/security/login
broweser is :firefoxScreendhot is:screenShoturl is:https://qa-ampwebui01.qa.looksmart.com:8760/security/login
broweser is :firefoxScreendhot is:screenShoturl is:https://qa-ampwebui01.qa.looksmart.com:8760/security/login
broweser is :firefoxScreendhot is:screenShoturl is:https://qa-ampwebui01.qa.looksmart.com:8760/security/login
broweser is :firefoxScreendhot is:screenShoturl is:https://qa-ampwebui01.qa.looksmart.com:8760/security/login
broweser is :firefoxScreendhot is:screenShoturl is:https://qa-ampwebui01.qa.looksmart.com:8760/security/login
broweser is :firefoxScreendhot is:screenShoturl is:https://qa-ampwebui01.qa.looksmart.com:8760/security/login
broweser is :firefoxScreendhot is:screenShoturl is:https://qa-ampwebui01.qa.looksmart.com:8760/security/login
broweser is :firefoxScreendhot is:screenShoturl is:https://qa-ampwebui01.qa.looksmart.com:8760/security/login
broweser is :firefoxScreendhot is:screenShoturl is:https://qa-ampwebui01.qa.looksmart.com:8760/security/login
broweser is :firefoxScreendhot is:screenShoturl is:https://qa-ampwebui01.qa.looksmart.com:8760/security/login
broweser is :firefoxScreendhot is:screenShoturl is:https://qa-ampwebui01.qa.looksmart.com:8760/security/login
broweser is :firefoxScreendhot is:screenShoturl is:https://qa-ampwebui01.qa.looksmart.com:8760/security/login
broweser is :firefoxScreendhot is:screenShoturl is:https://qa-ampwebui01.qa.looksmart.com:8760/security/login
broweser is :firefoxScreendhot is:screenShoturl is:https://qa-ampwebui01.qa.looksmart.com:8760/security/login
broweser is :firefoxScreendhot is:screenShoturl is:https://qa-ampwebui01.qa.looksmart.com:8760/security/login
broweser is :firefoxScreendhot is:screenShoturl is:https://qa-ampwebui01.qa.looksmart.com:8760/security/login
broweser is :firefoxScreendhot is:screenShoturl is:https://qa-ampwebui01.qa.looksmart.com:8760/security/login
broweser is :firefoxScreendhot is:screenShoturl is:https://qa-ampwebui01.qa.looksmart.com:8760/security/login
broweser is :firefoxScreendhot is:screenShoturl is:https://qa-ampwebui01.qa.looksmart.com:8760/security/login
broweser is :firefoxScreendhot is:screenShoturl is:https://qa-ampwebui01.qa.looksmart.com:8760/security/login
broweser is :firefoxScreendhot is:screenShoturl is:https://qa-ampwebui01.qa.looksmart.com:8760/security/login
broweser is :firefoxScreendhot is:screenShoturl is:https://qa-ampwebui01.qa.looksmart.com:8760/security/login
broweser is :firefoxScreendhot is:screenShoturl is:https://qa-ampwebui01.qa.looksmart.com:8760/security/login
broweser is :firefoxScreendhot is:screenShoturl is:https://qa-ampwebui01.qa.looksmart.com:8760/security/login
Test in a suite started: loginTestCase_Firefox 	 and time is: 24-11-2014 12:42:58:330
https://qa-ampwebui01.qa.looksmart.com:8760/security/login
]]></system-out>
  </testcase>
  <testcase name="signUp" classname="com.looksmart.testsuits.SignUpTestSuite" time="0">
    <skipped/>
    <system-out><![CDATA[Test method started: signUp 	and time is: 24-11-2014 12:43:48:407
]]></system-out>
  </testcase>
  <testcase name="quit" classname="com.looksmart.testsuits.SignUpTestSuite" time="0">
    <skipped/>
    <system-out><![CDATA[screenShot
Test method skipped: signUp  	and time is: 24-11-2014 12:43:48:409
]]></system-out>
  </testcase>
  <testcase name="loginTest" classname="com.looksmart.testsuits.LoginTestSuite" time="26.592"/>
  <testcase name="clickAdGroup" classname="com.looksmart.testsuits.LoginTestSuite" time="0.121"/>
  <testcase name="createAdGroup" classname="com.looksmart.testsuits.LoginTestSuite" time="48.265"/>
</testsuite>